<?xml version="1.0" encoding="UTF-8"?>
<testsuite name="PrimeFactorsTest" tests="1" skipped="0" failures="0" errors="0" timestamp="2021-10-30T11:54:09" hostname="hibs-To-be-filled-by-O-E-M" time="0.013">
  <properties/>
  <testcase name="canFactoIntoPrimes" classname="PrimeFactorsTest" time="0.013"/>
  <system-out><![CDATA[]]></system-out>
  <system-err><![CDATA[]]></system-err>
</testsuite>
