<?xml version="1.0" encoding="UTF-8"?>
<testsuite name="LottoNumberRefereeTest" tests="1" skipped="0" failures="0" errors="0" timestamp="2021-06-24T13:12:08" hostname="JCR" time="0.021">
  <properties/>
  <testcase name="기본 로또 6개 숫자에서 일치하는 숫자 개수 반환" classname="LottoNumberRefereeTest" time="0.021"/>
  <system-out><![CDATA[]]></system-out>
  <system-err><![CDATA[]]></system-err>
</testsuite>
