<?xml version="1.0" encoding="UTF-8"?>
<testsuite name="MyStackTest" tests="1" skipped="0" failures="0" errors="0" timestamp="2021-10-31T08:03:06" hostname="hibs-To-be-filled-by-O-E-M" time="0.013">
  <properties/>
  <testcase name="pop" classname="MyStackTest" time="0.013"/>
  <system-out><![CDATA[]]></system-out>
  <system-err><![CDATA[]]></system-err>
</testsuite>
