<?xml version="1.0" encoding="UTF-8"?>
<testsuite name="SortTest" tests="1" skipped="0" failures="0" errors="0" timestamp="2021-10-31T09:23:12" hostname="hibs-To-be-filled-by-O-E-M" time="0.014">
  <properties/>
  <testcase name="sort" classname="SortTest" time="0.014"/>
  <system-out><![CDATA[]]></system-out>
  <system-err><![CDATA[]]></system-err>
</testsuite>
